
Size of /home/ubuntu/askpopulo/media/choices/choice13_TzmVOR9.jpg is (665, 385) @ 2015-06-13 09:15:43.749923
Resizing /home/ubuntu/askpopulo/media/choices/choice13_TzmVOR9.jpg @ 2015-06-13 09:15:43.749941
Size of /home/ubuntu/askpopulo/media/choices/choice13_TzmVOR9.jpg is (665, 385) @ 2015-06-13 09:31:32.049271
Resizing /home/ubuntu/askpopulo/media/choices/choice13_TzmVOR9.jpg @ 2015-06-13 09:31:32.049455
Size of /home/ubuntu/askpopulo/media/choices/choice13_TzmVOR9.jpg is (665, 385) @ 2015-06-13 09:32:53.190826
Resizing /home/ubuntu/askpopulo/media/choices/choice13_TzmVOR9.jpg @ 2015-06-13 09:32:53.190994
Size of /home/ubuntu/askpopulo/media/choices/choice13_TzmVOR9.jpg is (665, 385) @ 2015-06-13 09:33:10.847825
Resizing /home/ubuntu/askpopulo/media/choices/choice13_TzmVOR9.jpg @ 2015-06-13 09:33:10.847979
Size of /home/ubuntu/askpopulo/media/choices/choice30_9Pofpda.jpg is (4512, 3008) @ 2015-06-13 09:33:10.851323
Resizing /home/ubuntu/askpopulo/media/choices/choice30_9Pofpda.jpg @ 2015-06-13 09:33:10.851460
Size of /home/ubuntu/askpopulo/media/choices/choice10.png is (128, 95) @ 2015-06-13 09:33:10.927594
Size of /home/ubuntu/askpopulo/media/choices/choice32_E8jnnBk.jpg is (410, 280) @ 2015-06-13 09:33:10.927831
Resizing /home/ubuntu/askpopulo/media/choices/choice32_E8jnnBk.jpg @ 2015-06-13 09:33:10.927906
Size of /home/ubuntu/askpopulo/media/choices/choice12.png is (600, 581) @ 2015-06-13 09:33:10.931076
Resizing /home/ubuntu/askpopulo/media/choices/choice12.png @ 2015-06-13 09:33:10.931159
Size of /home/ubuntu/askpopulo/media/choices/choice30_9vnm9ai.jpg is (1024, 667) @ 2015-06-13 09:33:10.949055
Resizing /home/ubuntu/askpopulo/media/choices/choice30_9vnm9ai.jpg @ 2015-06-13 09:33:10.949137
Size of /home/ubuntu/askpopulo/media/choices/choice32_ayZ4jVv.jpg is (500, 500) @ 2015-06-13 09:33:10.952619
Resizing /home/ubuntu/askpopulo/media/choices/choice32_ayZ4jVv.jpg @ 2015-06-13 09:33:10.952706
Size of /home/ubuntu/askpopulo/media/choices/choice11_ogMzKcp.png is (122, 56) @ 2015-06-13 09:33:10.968582
Size of /home/ubuntu/askpopulo/media/choices/choice11_bdgW6x2.png is (91, 128) @ 2015-06-13 09:33:10.968780
Size of /home/ubuntu/askpopulo/media/choices/choice12.jpg is (4869, 3456) @ 2015-06-13 09:33:10.969051
Resizing /home/ubuntu/askpopulo/media/choices/choice12.jpg @ 2015-06-13 09:33:10.969128
Size of /home/ubuntu/askpopulo/media/choices/choice30_nH6Ka6J.jpg is (602, 800) @ 2015-06-13 09:33:10.992713
Resizing /home/ubuntu/askpopulo/media/choices/choice30_nH6Ka6J.jpg @ 2015-06-13 09:33:10.992815
Size of /home/ubuntu/askpopulo/media/choices/choice13_ZlJAOuR.jpg is (308, 508) @ 2015-06-13 09:33:10.996972
Resizing /home/ubuntu/askpopulo/media/choices/choice13_ZlJAOuR.jpg @ 2015-06-13 09:33:10.997060
Size of /home/ubuntu/askpopulo/media/choices/choice32.jpg is (500, 500) @ 2015-06-13 09:33:10.999786
Resizing /home/ubuntu/askpopulo/media/choices/choice32.jpg @ 2015-06-13 09:33:10.999871
Size of /home/ubuntu/askpopulo/media/choices/choice13.jpg is (378, 380) @ 2015-06-13 09:33:11.013112
Resizing /home/ubuntu/askpopulo/media/choices/choice13.jpg @ 2015-06-13 09:33:11.013211
Size of /home/ubuntu/askpopulo/media/choices/choice11_XrJRZCt.png is (122, 56) @ 2015-06-13 09:33:11.016485
Size of /home/ubuntu/askpopulo/media/choices/choice30.jpg is (679, 701) @ 2015-06-13 09:33:11.016715
Resizing /home/ubuntu/askpopulo/media/choices/choice30.jpg @ 2015-06-13 09:33:11.016850
Size of /home/ubuntu/askpopulo/media/choices/choice32_SRRhgWa.jpg is (635, 449) @ 2015-06-13 09:33:11.021503
Resizing /home/ubuntu/askpopulo/media/choices/choice32_SRRhgWa.jpg @ 2015-06-13 09:33:11.021588
Size of /home/ubuntu/askpopulo/media/choices/choice13_FP1GX0s.jpg is (650, 300) @ 2015-06-13 09:33:11.026226
Resizing /home/ubuntu/askpopulo/media/choices/choice13_FP1GX0s.jpg @ 2015-06-13 09:33:11.026314
Size of /home/ubuntu/askpopulo/media/choices/choice11.png is (128, 57) @ 2015-06-13 09:33:11.028904
Size of /home/ubuntu/askpopulo/media/profile/profilepice6f3ae3be8ef4067d42a84a6089f9d23b1f8535f.png is (406, 498) @ 2015-06-13 09:33:11.029236
Resizing /home/ubuntu/askpopulo/media/profile/profilepice6f3ae3be8ef4067d42a84a6089f9d23b1f8535f.png @ 2015-06-13 09:33:11.029318
Size of /home/ubuntu/askpopulo/media/profile/profilepice651b466aa5f53dd3b9804fa5e960d496be1de81.jpg is (4869, 3456) @ 2015-06-13 09:33:11.041404
Resizing /home/ubuntu/askpopulo/media/profile/profilepice651b466aa5f53dd3b9804fa5e960d496be1de81.jpg @ 2015-06-13 09:33:11.041505
Size of /home/ubuntu/askpopulo/media/choices/2015-06-13/choice34.jpg is (664, 364) @ 2015-06-13 10:05:49.952559
Resizing /home/ubuntu/askpopulo/media/choices/2015-06-13/choice34.jpg @ 2015-06-13 10:05:49.952575
Size of /home/ubuntu/askpopulo/media/choices/2015-06-13/choice34.png is (336, 328) @ 2015-06-13 10:05:49.956861
Resizing /home/ubuntu/askpopulo/media/choices/2015-06-13/choice34.png @ 2015-06-13 10:05:49.956875
Size of /home/ubuntu/askpopulo/media/choices/2015-06-13/choice34.jpg is (128, 70) @ 2015-06-13 10:35:50.644817
Size of /home/ubuntu/askpopulo/media/choices/2015-06-13/choice34.png is (128, 124) @ 2015-06-13 10:35:50.644979
Size of /home/ubuntu/askpopulo/media/choices/2015-06-13/choice34.jpg is (128, 70) @ 2015-06-13 11:05:51.380071
Size of /home/ubuntu/askpopulo/media/choices/2015-06-13/choice34.png is (128, 124) @ 2015-06-13 11:05:51.380218
Size of /home/ubuntu/askpopulo/media/choices/2015-06-13/choice34.jpg is (128, 70) @ 2015-06-13 11:35:52.125807
Size of /home/ubuntu/askpopulo/media/choices/2015-06-13/choice34.png is (128, 124) @ 2015-06-13 11:35:52.125997
Size of /home/ubuntu/askpopulo/media/choices/2015-06-13/choice34.jpg is (128, 70) @ 2015-06-13 12:05:52.872217
Size of /home/ubuntu/askpopulo/media/choices/2015-06-13/choice34.png is (128, 124) @ 2015-06-13 12:05:52.872411
Size of /home/ubuntu/askpopulo/media/choices/2015-06-13/choice34.jpg is (128, 70) @ 2015-06-13 12:35:53.606105
Size of /home/ubuntu/askpopulo/media/choices/2015-06-13/choice34.png is (128, 124) @ 2015-06-13 12:35:53.606246
Size of /home/ubuntu/askpopulo/media/choices/2015-06-13/choice34.jpg is (128, 70) @ 2015-06-13 13:05:54.385355
Size of /home/ubuntu/askpopulo/media/choices/2015-06-13/choice34.png is (128, 124) @ 2015-06-13 13:05:54.385509
Size of /home/ubuntu/askpopulo/media/choices/2015-06-13/choice34.jpg is (128, 70) @ 2015-06-13 13:35:55.119794
Size of /home/ubuntu/askpopulo/media/choices/2015-06-13/choice34.png is (128, 124) @ 2015-06-13 13:35:55.119963
Size of /home/ubuntu/askpopulo/media/choices/2015-06-13/choice34.jpg is (128, 70) @ 2015-06-13 14:05:55.861899
Size of /home/ubuntu/askpopulo/media/choices/2015-06-13/choice34.png is (128, 124) @ 2015-06-13 14:05:55.862047
Size of /home/ubuntu/askpopulo/media/choices/2015-06-13/choice34.jpg is (128, 70) @ 2015-06-13 14:35:56.606513
Size of /home/ubuntu/askpopulo/media/choices/2015-06-13/choice34.png is (128, 124) @ 2015-06-13 14:35:56.606657
Size of /home/ubuntu/askpopulo/media/choices/2015-06-13/choice34.jpg is (128, 70) @ 2015-06-13 15:05:57.332442
Size of /home/ubuntu/askpopulo/media/choices/2015-06-13/choice34.png is (128, 124) @ 2015-06-13 15:05:57.332595
Size of /home/ubuntu/askpopulo/media/choices/2015-06-13/choice34.jpg is (128, 70) @ 2015-06-13 15:35:58.073545
Size of /home/ubuntu/askpopulo/media/choices/2015-06-13/choice34.png is (128, 124) @ 2015-06-13 15:35:58.073751
Size of /home/ubuntu/askpopulo/media/choices/2015-06-13/choice34.jpg is (128, 70) @ 2015-06-13 16:05:58.860950
Size of /home/ubuntu/askpopulo/media/choices/2015-06-13/choice34.png is (128, 124) @ 2015-06-13 16:05:58.861151
Size of /home/ubuntu/askpopulo/media/choices/2015-06-13/choice34.jpg is (128, 70) @ 2015-06-13 16:35:59.612944
Size of /home/ubuntu/askpopulo/media/choices/2015-06-13/choice34.png is (128, 124) @ 2015-06-13 16:35:59.613085
Size of /home/ubuntu/askpopulo/media/choices/2015-06-13/choice34.jpg is (128, 70) @ 2015-06-13 17:06:00.425529
Size of /home/ubuntu/askpopulo/media/choices/2015-06-13/choice34.png is (128, 124) @ 2015-06-13 17:06:00.429847
Size of /home/ubuntu/askpopulo/media/choices/2015-06-13/choice34.jpg is (128, 70) @ 2015-06-13 17:36:01.156628
Size of /home/ubuntu/askpopulo/media/choices/2015-06-13/choice34.png is (128, 124) @ 2015-06-13 17:36:01.156799
Size of /home/ubuntu/askpopulo/media/choices/2015-06-13/choice34.jpg is (128, 70) @ 2015-06-13 18:06:01.884252
Size of /home/ubuntu/askpopulo/media/choices/2015-06-13/choice34.png is (128, 124) @ 2015-06-13 18:06:01.884411
Size of /home/ubuntu/askpopulo/media/choices/2015-06-13/choice34.jpg is (128, 70) @ 2015-06-13 18:36:02.599388
Size of /home/ubuntu/askpopulo/media/choices/2015-06-13/choice34.png is (128, 124) @ 2015-06-13 18:36:02.599529
Size of /home/ubuntu/askpopulo/media/choices/2015-06-13/choice34.jpg is (128, 70) @ 2015-06-13 19:06:03.271645
Size of /home/ubuntu/askpopulo/media/choices/2015-06-13/choice34.png is (128, 124) @ 2015-06-13 19:06:03.271806
Size of /home/ubuntu/askpopulo/media/choices/2015-06-13/choice34.jpg is (128, 70) @ 2015-06-13 19:36:03.990172
Size of /home/ubuntu/askpopulo/media/choices/2015-06-13/choice34.png is (128, 124) @ 2015-06-13 19:36:03.990355
Size of /home/ubuntu/askpopulo/media/choices/2015-06-13/choice34.jpg is (128, 70) @ 2015-06-13 20:06:04.959773
Size of /home/ubuntu/askpopulo/media/choices/2015-06-13/choice34.png is (128, 124) @ 2015-06-13 20:06:04.959967
Size of /home/ubuntu/askpopulo/media/choices/2015-06-13/choice34.jpg is (128, 70) @ 2015-06-13 20:36:05.756265
Size of /home/ubuntu/askpopulo/media/choices/2015-06-13/choice34.png is (128, 124) @ 2015-06-13 20:36:05.756424
Size of /home/ubuntu/askpopulo/media/choices/2015-06-13/choice34.jpg is (128, 70) @ 2015-06-13 21:06:06.586685
Size of /home/ubuntu/askpopulo/media/choices/2015-06-13/choice34.png is (128, 124) @ 2015-06-13 21:06:06.586882
Size of /home/ubuntu/askpopulo/media/choices/2015-06-13/choice34.jpg is (128, 70) @ 2015-06-13 21:36:07.324688
Size of /home/ubuntu/askpopulo/media/choices/2015-06-13/choice34.png is (128, 124) @ 2015-06-13 21:36:07.324837
Size of /home/ubuntu/askpopulo/media/choices/2015-06-13/choice34.jpg is (128, 70) @ 2015-06-13 22:06:08.063305
Size of /home/ubuntu/askpopulo/media/choices/2015-06-13/choice34.png is (128, 124) @ 2015-06-13 22:06:08.063458
Size of /home/ubuntu/askpopulo/media/choices/2015-06-13/choice34.jpg is (128, 70) @ 2015-06-13 22:36:08.775281
Size of /home/ubuntu/askpopulo/media/choices/2015-06-13/choice34.png is (128, 124) @ 2015-06-13 22:36:08.775431
Size of /home/ubuntu/askpopulo/media/choices/2015-06-13/choice34.jpg is (128, 70) @ 2015-06-13 23:06:09.474764
Size of /home/ubuntu/askpopulo/media/choices/2015-06-13/choice34.png is (128, 124) @ 2015-06-13 23:06:09.474912
Size of /home/ubuntu/askpopulo/media/choices/2015-06-13/choice34.jpg is (128, 70) @ 2015-06-13 23:36:10.295813
Size of /home/ubuntu/askpopulo/media/choices/2015-06-13/choice34.png is (128, 124) @ 2015-06-13 23:36:10.295959
Size of /home/ubuntu/askpopulo/media/profile/2015-06-15/profilepic83649330fd88c5c2736ee30452260b_XiIDO3d.jpg is (1536, 2048) @ 2015-06-15 09:06:59.070039
Resizing /home/ubuntu/askpopulo/media/profile/2015-06-15/profilepic83649330fd88c5c2736ee30452260b_XiIDO3d.jpg @ 2015-06-15 09:06:59.070056
Size of /home/ubuntu/askpopulo/media/profile/2015-06-15/profilepic83649330fd88c5c2736ee30452260b_XiIDO3d.jpg is (96, 128) @ 2015-06-15 09:36:59.781980
Size of /home/ubuntu/askpopulo/media/profile/2015-06-15/profilepic83649330fd88c5c2736ee30452260b_XiIDO3d.jpg is (96, 128) @ 2015-06-15 10:07:00.456154
Size of /home/ubuntu/askpopulo/media/profile/2015-06-15/profilepic83649330fd88c5c2736ee30452260b_XiIDO3d.jpg is (96, 128) @ 2015-06-15 10:37:01.168987
Size of /home/ubuntu/askpopulo/media/profile/2015-06-15/profilepic83649330fd88c5c2736ee30452260b_XiIDO3d.jpg is (96, 128) @ 2015-06-15 11:07:01.870674
Size of /home/ubuntu/askpopulo/media/profile/2015-06-15/profilepic83649330fd88c5c2736ee30452260b_XiIDO3d.jpg is (96, 128) @ 2015-06-15 11:37:02.571418
Size of /home/ubuntu/askpopulo/media/profile/2015-06-15/profilepic83649330fd88c5c2736ee30452260b_XiIDO3d.jpg is (96, 128) @ 2015-06-15 12:07:03.276593
Size of /home/ubuntu/askpopulo/media/profile/2015-06-15/profilepic83649330fd88c5c2736ee30452260b_XiIDO3d.jpg is (96, 128) @ 2015-06-15 12:37:03.992511
Size of /home/ubuntu/askpopulo/media/profile/2015-06-15/profilepic83649330fd88c5c2736ee30452260b_XiIDO3d.jpg is (96, 128) @ 2015-06-15 13:07:04.724511
Size of /home/ubuntu/askpopulo/media/profile/2015-06-15/profilepic83649330fd88c5c2736ee30452260b_XiIDO3d.jpg is (96, 128) @ 2015-06-15 13:37:05.581339
Size of /home/ubuntu/askpopulo/media/profile/2015-06-15/profilepic83649330fd88c5c2736ee30452260b_XiIDO3d.jpg is (96, 128) @ 2015-06-15 14:07:06.470632
Size of /home/ubuntu/askpopulo/media/choices/2015-06-15/choice39.png is (563, 362) @ 2015-06-15 14:37:07.197070
Resizing /home/ubuntu/askpopulo/media/choices/2015-06-15/choice39.png @ 2015-06-15 14:37:07.197089
Size of /home/ubuntu/askpopulo/media/choices/2015-06-15/choice39_dY0yEca.png is (560, 370) @ 2015-06-15 14:37:07.209249
Resizing /home/ubuntu/askpopulo/media/choices/2015-06-15/choice39_dY0yEca.png @ 2015-06-15 14:37:07.209264
Size of /home/ubuntu/askpopulo/media/choices/2015-06-15/choice39_A3nIqQs.png is (558, 361) @ 2015-06-15 14:37:07.221525
Resizing /home/ubuntu/askpopulo/media/choices/2015-06-15/choice39_A3nIqQs.png @ 2015-06-15 14:37:07.221539
Size of /home/ubuntu/askpopulo/media/profile/2015-06-15/profilepic83649330fd88c5c2736ee30452260b_XiIDO3d.jpg is (96, 128) @ 2015-06-15 14:37:07.231909
Size of /home/ubuntu/askpopulo/media/choices/2015-06-15/choice39.png is (128, 82) @ 2015-06-15 15:07:07.965237
Size of /home/ubuntu/askpopulo/media/choices/2015-06-15/choice39_dY0yEca.png is (128, 84) @ 2015-06-15 15:07:07.965365
Size of /home/ubuntu/askpopulo/media/choices/2015-06-15/choice39_A3nIqQs.png is (128, 82) @ 2015-06-15 15:07:07.965469
Size of /home/ubuntu/askpopulo/media/profile/2015-06-15/profilepic83649330fd88c5c2736ee30452260b_XiIDO3d.jpg is (96, 128) @ 2015-06-15 15:07:07.965684
Size of /home/ubuntu/askpopulo/media/choices/2015-06-15/choice39.png is (128, 82) @ 2015-06-15 15:37:08.676123
Size of /home/ubuntu/askpopulo/media/choices/2015-06-15/choice39_dY0yEca.png is (128, 84) @ 2015-06-15 15:37:08.676255
Size of /home/ubuntu/askpopulo/media/choices/2015-06-15/choice39_A3nIqQs.png is (128, 82) @ 2015-06-15 15:37:08.676378
Size of /home/ubuntu/askpopulo/media/profile/2015-06-15/profilepic83649330fd88c5c2736ee30452260b_XiIDO3d.jpg is (96, 128) @ 2015-06-15 15:37:08.676606
Size of /home/ubuntu/askpopulo/media/choices/2015-06-15/choice39.png is (128, 82) @ 2015-06-15 16:07:09.386787
Size of /home/ubuntu/askpopulo/media/choices/2015-06-15/choice39_dY0yEca.png is (128, 84) @ 2015-06-15 16:07:09.386941
Size of /home/ubuntu/askpopulo/media/choices/2015-06-15/choice39_A3nIqQs.png is (128, 82) @ 2015-06-15 16:07:09.387066
Size of /home/ubuntu/askpopulo/media/profile/2015-06-15/profilepic83649330fd88c5c2736ee30452260b_XiIDO3d.jpg is (96, 128) @ 2015-06-15 16:07:09.387290
Size of /home/ubuntu/askpopulo/media/profile/2015-06-15/profilepicb03b9b57a3c7a820b80f8af43074cb_ecjauq9.jpg is (1280, 720) @ 2015-06-15 16:07:09.387445
Resizing /home/ubuntu/askpopulo/media/profile/2015-06-15/profilepicb03b9b57a3c7a820b80f8af43074cb_ecjauq9.jpg @ 2015-06-15 16:07:09.387457
Size of /home/ubuntu/askpopulo/media/choices/2015-06-15/choice39.png is (128, 82) @ 2015-06-15 16:37:10.102857
Size of /home/ubuntu/askpopulo/media/choices/2015-06-15/choice39_dY0yEca.png is (128, 84) @ 2015-06-15 16:37:10.102997
Size of /home/ubuntu/askpopulo/media/choices/2015-06-15/choice39_A3nIqQs.png is (128, 82) @ 2015-06-15 16:37:10.103120
Size of /home/ubuntu/askpopulo/media/profile/2015-06-15/profilepic83649330fd88c5c2736ee30452260b_XiIDO3d.jpg is (96, 128) @ 2015-06-15 16:37:10.103343
Size of /home/ubuntu/askpopulo/media/profile/2015-06-15/profilepicb03b9b57a3c7a820b80f8af43074cb_ecjauq9.jpg is (128, 72) @ 2015-06-15 16:37:10.103517
Size of /home/ubuntu/askpopulo/media/choices/2015-06-15/choice39.png is (128, 82) @ 2015-06-15 17:07:10.815647
Size of /home/ubuntu/askpopulo/media/choices/2015-06-15/choice39_dY0yEca.png is (128, 84) @ 2015-06-15 17:07:10.815780
Size of /home/ubuntu/askpopulo/media/choices/2015-06-15/choice39_A3nIqQs.png is (128, 82) @ 2015-06-15 17:07:10.815892
Size of /home/ubuntu/askpopulo/media/profile/2015-06-15/profilepic83649330fd88c5c2736ee30452260b_XiIDO3d.jpg is (96, 128) @ 2015-06-15 17:07:10.816084
Size of /home/ubuntu/askpopulo/media/profile/2015-06-15/profilepicb03b9b57a3c7a820b80f8af43074cb_ecjauq9.jpg is (128, 72) @ 2015-06-15 17:07:10.816237
Size of /home/ubuntu/askpopulo/media/choices/2015-06-15/choice39.png is (128, 82) @ 2015-06-15 17:37:11.570251
Size of /home/ubuntu/askpopulo/media/choices/2015-06-15/choice39_dY0yEca.png is (128, 84) @ 2015-06-15 17:37:11.570400
Size of /home/ubuntu/askpopulo/media/choices/2015-06-15/choice39_A3nIqQs.png is (128, 82) @ 2015-06-15 17:37:11.570522
Size of /home/ubuntu/askpopulo/media/profile/2015-06-15/profilepic83649330fd88c5c2736ee30452260b_XiIDO3d.jpg is (96, 128) @ 2015-06-15 17:37:11.570743
Size of /home/ubuntu/askpopulo/media/profile/2015-06-15/profilepicb03b9b57a3c7a820b80f8af43074cb_ecjauq9.jpg is (128, 72) @ 2015-06-15 17:37:11.570903
Size of /home/ubuntu/askpopulo/media/choices/2015-06-15/choice39.png is (128, 82) @ 2015-06-15 18:07:12.284171
Size of /home/ubuntu/askpopulo/media/choices/2015-06-15/choice39_dY0yEca.png is (128, 84) @ 2015-06-15 18:07:12.284290
Size of /home/ubuntu/askpopulo/media/choices/2015-06-15/choice39_A3nIqQs.png is (128, 82) @ 2015-06-15 18:07:12.284407
Size of /home/ubuntu/askpopulo/media/profile/2015-06-15/profilepic83649330fd88c5c2736ee30452260b_XiIDO3d.jpg is (96, 128) @ 2015-06-15 18:07:12.284608
Size of /home/ubuntu/askpopulo/media/profile/2015-06-15/profilepicb03b9b57a3c7a820b80f8af43074cb_ecjauq9.jpg is (128, 72) @ 2015-06-15 18:07:12.284764
Size of /home/ubuntu/askpopulo/media/choices/2015-06-15/choice39.png is (128, 82) @ 2015-06-15 18:37:12.987795
Size of /home/ubuntu/askpopulo/media/choices/2015-06-15/choice39_dY0yEca.png is (128, 84) @ 2015-06-15 18:37:12.987940
Size of /home/ubuntu/askpopulo/media/choices/2015-06-15/choice39_A3nIqQs.png is (128, 82) @ 2015-06-15 18:37:12.988054
Size of /home/ubuntu/askpopulo/media/profile/2015-06-15/profilepic83649330fd88c5c2736ee30452260b_XiIDO3d.jpg is (96, 128) @ 2015-06-15 18:37:12.988286
Size of /home/ubuntu/askpopulo/media/profile/2015-06-15/profilepicb03b9b57a3c7a820b80f8af43074cb_ecjauq9.jpg is (128, 72) @ 2015-06-15 18:37:12.988430
Size of /home/ubuntu/askpopulo/media/choices/2015-06-15/choice39.png is (128, 82) @ 2015-06-15 19:07:13.691396
Size of /home/ubuntu/askpopulo/media/choices/2015-06-15/choice39_dY0yEca.png is (128, 84) @ 2015-06-15 19:07:13.691534
Size of /home/ubuntu/askpopulo/media/choices/2015-06-15/choice39_A3nIqQs.png is (128, 82) @ 2015-06-15 19:07:13.691655
Size of /home/ubuntu/askpopulo/media/profile/2015-06-15/profilepic83649330fd88c5c2736ee30452260b_XiIDO3d.jpg is (96, 128) @ 2015-06-15 19:07:13.691867
Size of /home/ubuntu/askpopulo/media/profile/2015-06-15/profilepicb03b9b57a3c7a820b80f8af43074cb_ecjauq9.jpg is (128, 72) @ 2015-06-15 19:07:13.692005
Size of /home/ubuntu/askpopulo/media/choices/2015-06-15/choice39.png is (128, 82) @ 2015-06-15 19:37:14.392933
Size of /home/ubuntu/askpopulo/media/choices/2015-06-15/choice39_dY0yEca.png is (128, 84) @ 2015-06-15 19:37:14.393073
Size of /home/ubuntu/askpopulo/media/choices/2015-06-15/choice39_A3nIqQs.png is (128, 82) @ 2015-06-15 19:37:14.393192
Size of /home/ubuntu/askpopulo/media/profile/2015-06-15/profilepic83649330fd88c5c2736ee30452260b_XiIDO3d.jpg is (96, 128) @ 2015-06-15 19:37:14.393383
Size of /home/ubuntu/askpopulo/media/profile/2015-06-15/profilepicb03b9b57a3c7a820b80f8af43074cb_ecjauq9.jpg is (128, 72) @ 2015-06-15 19:37:14.393522
Size of /home/ubuntu/askpopulo/media/choices/2015-06-15/choice39.png is (128, 82) @ 2015-06-15 20:07:15.074834
Size of /home/ubuntu/askpopulo/media/choices/2015-06-15/choice39_dY0yEca.png is (128, 84) @ 2015-06-15 20:07:15.074958
Size of /home/ubuntu/askpopulo/media/choices/2015-06-15/choice39_A3nIqQs.png is (128, 82) @ 2015-06-15 20:07:15.075064
Size of /home/ubuntu/askpopulo/media/profile/2015-06-15/profilepic83649330fd88c5c2736ee30452260b_XiIDO3d.jpg is (96, 128) @ 2015-06-15 20:07:15.075258
Size of /home/ubuntu/askpopulo/media/profile/2015-06-15/profilepicb03b9b57a3c7a820b80f8af43074cb_ecjauq9.jpg is (128, 72) @ 2015-06-15 20:07:15.075410
Size of /home/ubuntu/askpopulo/media/choices/2015-06-15/choice39.png is (128, 82) @ 2015-06-15 20:37:15.790809
Size of /home/ubuntu/askpopulo/media/choices/2015-06-15/choice39_dY0yEca.png is (128, 84) @ 2015-06-15 20:37:15.790956
Size of /home/ubuntu/askpopulo/media/choices/2015-06-15/choice39_A3nIqQs.png is (128, 82) @ 2015-06-15 20:37:15.791081
Size of /home/ubuntu/askpopulo/media/profile/2015-06-15/profilepic83649330fd88c5c2736ee30452260b_XiIDO3d.jpg is (96, 128) @ 2015-06-15 20:37:15.791284
Size of /home/ubuntu/askpopulo/media/profile/2015-06-15/profilepicb03b9b57a3c7a820b80f8af43074cb_ecjauq9.jpg is (128, 72) @ 2015-06-15 20:37:15.791425
Size of /home/ubuntu/askpopulo/media/choices/2015-06-15/choice39.png is (128, 82) @ 2015-06-15 21:07:16.487676
Size of /home/ubuntu/askpopulo/media/choices/2015-06-15/choice39_dY0yEca.png is (128, 84) @ 2015-06-15 21:07:16.487835
Size of /home/ubuntu/askpopulo/media/choices/2015-06-15/choice39_A3nIqQs.png is (128, 82) @ 2015-06-15 21:07:16.487955
Size of /home/ubuntu/askpopulo/media/profile/2015-06-15/profilepic83649330fd88c5c2736ee30452260b_XiIDO3d.jpg is (96, 128) @ 2015-06-15 21:07:16.488163
Size of /home/ubuntu/askpopulo/media/profile/2015-06-15/profilepicb03b9b57a3c7a820b80f8af43074cb_ecjauq9.jpg is (128, 72) @ 2015-06-15 21:07:16.488292
Size of /home/ubuntu/askpopulo/media/choices/2015-06-15/choice39.png is (128, 82) @ 2015-06-15 21:37:17.199170
Size of /home/ubuntu/askpopulo/media/choices/2015-06-15/choice39_dY0yEca.png is (128, 84) @ 2015-06-15 21:37:17.199289
Size of /home/ubuntu/askpopulo/media/choices/2015-06-15/choice39_A3nIqQs.png is (128, 82) @ 2015-06-15 21:37:17.199387
Size of /home/ubuntu/askpopulo/media/profile/2015-06-15/profilepic83649330fd88c5c2736ee30452260b_XiIDO3d.jpg is (96, 128) @ 2015-06-15 21:37:17.199557
Size of /home/ubuntu/askpopulo/media/profile/2015-06-15/profilepicb03b9b57a3c7a820b80f8af43074cb_ecjauq9.jpg is (128, 72) @ 2015-06-15 21:37:17.199681
Size of /home/ubuntu/askpopulo/media/choices/2015-06-15/choice39.png is (128, 82) @ 2015-06-15 22:07:17.930165
Size of /home/ubuntu/askpopulo/media/choices/2015-06-15/choice39_dY0yEca.png is (128, 84) @ 2015-06-15 22:07:17.930290
Size of /home/ubuntu/askpopulo/media/choices/2015-06-15/choice39_A3nIqQs.png is (128, 82) @ 2015-06-15 22:07:17.930399
Size of /home/ubuntu/askpopulo/media/profile/2015-06-15/profilepic83649330fd88c5c2736ee30452260b_XiIDO3d.jpg is (96, 128) @ 2015-06-15 22:07:17.930593
Size of /home/ubuntu/askpopulo/media/profile/2015-06-15/profilepicb03b9b57a3c7a820b80f8af43074cb_ecjauq9.jpg is (128, 72) @ 2015-06-15 22:07:17.930726
Size of /home/ubuntu/askpopulo/media/choices/2015-06-15/choice39.png is (128, 82) @ 2015-06-15 22:37:18.652111
Size of /home/ubuntu/askpopulo/media/choices/2015-06-15/choice39_dY0yEca.png is (128, 84) @ 2015-06-15 22:37:18.652251
Size of /home/ubuntu/askpopulo/media/choices/2015-06-15/choice39_A3nIqQs.png is (128, 82) @ 2015-06-15 22:37:18.652371
Size of /home/ubuntu/askpopulo/media/profile/2015-06-15/profilepic83649330fd88c5c2736ee30452260b_XiIDO3d.jpg is (96, 128) @ 2015-06-15 22:37:18.652552
Size of /home/ubuntu/askpopulo/media/profile/2015-06-15/profilepicb03b9b57a3c7a820b80f8af43074cb_ecjauq9.jpg is (128, 72) @ 2015-06-15 22:37:18.652696
Size of /home/ubuntu/askpopulo/media/choices/2015-06-15/choice39.png is (128, 82) @ 2015-06-15 23:07:19.374107
Size of /home/ubuntu/askpopulo/media/choices/2015-06-15/choice39_dY0yEca.png is (128, 84) @ 2015-06-15 23:07:19.374249
Size of /home/ubuntu/askpopulo/media/choices/2015-06-15/choice39_A3nIqQs.png is (128, 82) @ 2015-06-15 23:07:19.374356
Size of /home/ubuntu/askpopulo/media/profile/2015-06-15/profilepic83649330fd88c5c2736ee30452260b_XiIDO3d.jpg is (96, 128) @ 2015-06-15 23:07:19.374548
Size of /home/ubuntu/askpopulo/media/profile/2015-06-15/profilepicb03b9b57a3c7a820b80f8af43074cb_ecjauq9.jpg is (128, 72) @ 2015-06-15 23:07:19.374691
Size of /home/ubuntu/askpopulo/media/choices/2015-06-15/choice39.png is (128, 82) @ 2015-06-15 23:37:20.074524
Size of /home/ubuntu/askpopulo/media/choices/2015-06-15/choice39_dY0yEca.png is (128, 84) @ 2015-06-15 23:37:20.074646
Size of /home/ubuntu/askpopulo/media/choices/2015-06-15/choice39_A3nIqQs.png is (128, 82) @ 2015-06-15 23:37:20.074766
Size of /home/ubuntu/askpopulo/media/profile/2015-06-15/profilepic83649330fd88c5c2736ee30452260b_XiIDO3d.jpg is (96, 128) @ 2015-06-15 23:37:20.074950
Size of /home/ubuntu/askpopulo/media/profile/2015-06-15/profilepicb03b9b57a3c7a820b80f8af43074cb_ecjauq9.jpg is (128, 72) @ 2015-06-15 23:37:20.075094
Size of /home/ubuntu/askpopulo/media/profile/2015-06-17/profilepic41b8b929938eefa0dd666227e9983b_Y1rcDk8.png is (256, 256) @ 2015-06-17 16:08:17.356386
Resizing /home/ubuntu/askpopulo/media/profile/2015-06-17/profilepic41b8b929938eefa0dd666227e9983b_Y1rcDk8.png @ 2015-06-17 16:08:17.356425
Size of /home/ubuntu/askpopulo/media/profile/2015-06-17/profilepic41b8b929938eefa0dd666227e9983b_Y1rcDk8.png is (128, 128) @ 2015-06-17 16:38:18.064068
Size of /home/ubuntu/askpopulo/media/profile/2015-06-17/profilepic41b8b929938eefa0dd666227e9983b_Y1rcDk8.png is (128, 128) @ 2015-06-17 17:08:18.770505
Size of /home/ubuntu/askpopulo/media/profile/2015-06-17/profilepic41b8b929938eefa0dd666227e9983b_Y1rcDk8.png is (128, 128) @ 2015-06-17 17:38:19.429360
Size of /home/ubuntu/askpopulo/media/profile/2015-06-17/profilepic41b8b929938eefa0dd666227e9983b_Y1rcDk8.png is (128, 128) @ 2015-06-17 18:08:20.149897
Size of /home/ubuntu/askpopulo/media/profile/2015-06-17/profilepic41b8b929938eefa0dd666227e9983b_Y1rcDk8.png is (128, 128) @ 2015-06-17 18:38:20.894243
Size of /home/ubuntu/askpopulo/media/profile/2015-06-17/profilepic41b8b929938eefa0dd666227e9983b_Y1rcDk8.png is (128, 128) @ 2015-06-17 19:08:21.607775
Size of /home/ubuntu/askpopulo/media/profile/2015-06-17/profilepic41b8b929938eefa0dd666227e9983b_Y1rcDk8.png is (128, 128) @ 2015-06-17 19:38:22.298600
Size of /home/ubuntu/askpopulo/media/profile/2015-06-17/profilepic41b8b929938eefa0dd666227e9983b_Y1rcDk8.png is (128, 128) @ 2015-06-17 20:08:23.004631
Size of /home/ubuntu/askpopulo/media/profile/2015-06-17/profilepic41b8b929938eefa0dd666227e9983b_Y1rcDk8.png is (128, 128) @ 2015-06-17 20:38:23.708892
Size of /home/ubuntu/askpopulo/media/profile/2015-06-17/profilepic41b8b929938eefa0dd666227e9983b_Y1rcDk8.png is (128, 128) @ 2015-06-17 21:08:24.423767
Size of /home/ubuntu/askpopulo/media/profile/2015-06-17/profilepic41b8b929938eefa0dd666227e9983b_Y1rcDk8.png is (128, 128) @ 2015-06-17 21:38:25.133465
Size of /home/ubuntu/askpopulo/media/profile/2015-06-17/profilepic41b8b929938eefa0dd666227e9983b_Y1rcDk8.png is (128, 128) @ 2015-06-17 22:08:25.811965
Size of /home/ubuntu/askpopulo/media/profile/2015-06-17/profilepic41b8b929938eefa0dd666227e9983b_Y1rcDk8.png is (128, 128) @ 2015-06-17 22:38:26.529410
Size of /home/ubuntu/askpopulo/media/profile/2015-06-17/profilepic41b8b929938eefa0dd666227e9983b_Y1rcDk8.png is (128, 128) @ 2015-06-17 23:08:27.245700
Size of /home/ubuntu/askpopulo/media/profile/2015-06-17/profilepic41b8b929938eefa0dd666227e9983b_Y1rcDk8.png is (128, 128) @ 2015-06-17 23:38:27.949927
Size of /home/ubuntu/askpopulo/media/choices/2015-06-20/choice44.jpg is (3840, 2160) @ 2015-06-20 13:39:56.699212
Resizing /home/ubuntu/askpopulo/media/choices/2015-06-20/choice44.jpg @ 2015-06-20 13:39:56.699229
Size of /home/ubuntu/askpopulo/media/choices/2015-06-20/choice44.png is (126, 141) @ 2015-06-20 13:39:56.800443
Resizing /home/ubuntu/askpopulo/media/choices/2015-06-20/choice44.png @ 2015-06-20 13:39:56.800466
Size of /home/ubuntu/askpopulo/media/choices/2015-06-20/choice44.jpg is (128, 72) @ 2015-06-20 14:09:58.324492
Size of /home/ubuntu/askpopulo/media/choices/2015-06-20/choice44.png is (114, 128) @ 2015-06-20 14:09:58.324638
Size of /home/ubuntu/askpopulo/media/choices/2015-06-20/choice44.jpg is (128, 72) @ 2015-06-20 14:39:59.041455
Size of /home/ubuntu/askpopulo/media/choices/2015-06-20/choice44.png is (114, 128) @ 2015-06-20 14:39:59.041638
Size of /home/ubuntu/askpopulo/media/choices/2015-06-20/choice44.jpg is (128, 72) @ 2015-06-20 15:09:59.758701
Size of /home/ubuntu/askpopulo/media/choices/2015-06-20/choice44.png is (114, 128) @ 2015-06-20 15:09:59.758852
Size of /home/ubuntu/askpopulo/media/choices/2015-06-20/choice44.jpg is (128, 72) @ 2015-06-20 15:40:00.458825
Size of /home/ubuntu/askpopulo/media/choices/2015-06-20/choice44.png is (114, 128) @ 2015-06-20 15:40:00.458993
Size of /home/ubuntu/askpopulo/media/choices/2015-06-20/choice44.jpg is (128, 72) @ 2015-06-20 16:10:01.175841
Size of /home/ubuntu/askpopulo/media/choices/2015-06-20/choice44.png is (114, 128) @ 2015-06-20 16:10:01.175992
Size of /home/ubuntu/askpopulo/media/choices/2015-06-20/choice44.jpg is (128, 72) @ 2015-06-20 16:40:01.927245
Size of /home/ubuntu/askpopulo/media/choices/2015-06-20/choice44.png is (114, 128) @ 2015-06-20 16:40:01.927385
Size of /home/ubuntu/askpopulo/media/choices/2015-06-20/choice44.jpg is (128, 72) @ 2015-06-20 17:10:02.619509
Size of /home/ubuntu/askpopulo/media/choices/2015-06-20/choice44.png is (114, 128) @ 2015-06-20 17:10:02.619649
Size of /home/ubuntu/askpopulo/media/choices/2015-06-20/choice44.jpg is (128, 72) @ 2015-06-20 17:40:03.342157
Size of /home/ubuntu/askpopulo/media/choices/2015-06-20/choice44.png is (114, 128) @ 2015-06-20 17:40:03.342297
Size of /home/ubuntu/askpopulo/media/choices/2015-06-20/choice44.jpg is (128, 72) @ 2015-06-20 18:10:04.069488
Size of /home/ubuntu/askpopulo/media/choices/2015-06-20/choice44.png is (114, 128) @ 2015-06-20 18:10:04.069724
Size of /home/ubuntu/askpopulo/media/choices/2015-06-20/choice44.jpg is (128, 72) @ 2015-06-20 18:40:04.808115
Size of /home/ubuntu/askpopulo/media/choices/2015-06-20/choice44.png is (114, 128) @ 2015-06-20 18:40:04.808267
Size of /home/ubuntu/askpopulo/media/choices/2015-06-20/choice44.jpg is (128, 72) @ 2015-06-20 19:10:05.510811
Size of /home/ubuntu/askpopulo/media/choices/2015-06-20/choice44.png is (114, 128) @ 2015-06-20 19:10:05.510956
Size of /home/ubuntu/askpopulo/media/choices/2015-06-20/choice44.jpg is (128, 72) @ 2015-06-20 19:40:06.227240
Size of /home/ubuntu/askpopulo/media/choices/2015-06-20/choice44.png is (114, 128) @ 2015-06-20 19:40:06.227411
Size of /home/ubuntu/askpopulo/media/choices/2015-06-20/choice44.jpg is (128, 72) @ 2015-06-20 20:10:06.928815
Size of /home/ubuntu/askpopulo/media/choices/2015-06-20/choice44.png is (114, 128) @ 2015-06-20 20:10:06.928998
Size of /home/ubuntu/askpopulo/media/choices/2015-06-20/choice44.jpg is (128, 72) @ 2015-06-20 20:40:07.655318
Size of /home/ubuntu/askpopulo/media/choices/2015-06-20/choice44.png is (114, 128) @ 2015-06-20 20:40:07.655456
Size of /home/ubuntu/askpopulo/media/choices/2015-06-20/choice44.jpg is (128, 72) @ 2015-06-20 21:10:08.459975
Size of /home/ubuntu/askpopulo/media/choices/2015-06-20/choice44.png is (114, 128) @ 2015-06-20 21:10:08.460158
Size of /home/ubuntu/askpopulo/media/choices/2015-06-20/choice44.jpg is (128, 72) @ 2015-06-20 21:40:09.178001
Size of /home/ubuntu/askpopulo/media/choices/2015-06-20/choice44.png is (114, 128) @ 2015-06-20 21:40:09.178160
Size of /home/ubuntu/askpopulo/media/choices/2015-06-20/choice44.jpg is (128, 72) @ 2015-06-20 22:10:09.958707
Size of /home/ubuntu/askpopulo/media/choices/2015-06-20/choice44.png is (114, 128) @ 2015-06-20 22:10:09.958900
Size of /home/ubuntu/askpopulo/media/choices/2015-06-20/choice44.jpg is (128, 72) @ 2015-06-20 22:40:10.805767
Size of /home/ubuntu/askpopulo/media/choices/2015-06-20/choice44.png is (114, 128) @ 2015-06-20 22:40:10.805955
Size of /home/ubuntu/askpopulo/media/choices/2015-06-20/choice44.jpg is (128, 72) @ 2015-06-20 23:10:11.551528
Size of /home/ubuntu/askpopulo/media/choices/2015-06-20/choice44.png is (114, 128) @ 2015-06-20 23:10:11.551691
Size of /home/ubuntu/askpopulo/media/choices/2015-06-20/choice44.jpg is (128, 72) @ 2015-06-20 23:40:12.340976
Size of /home/ubuntu/askpopulo/media/choices/2015-06-20/choice44.png is (114, 128) @ 2015-06-20 23:40:12.341125
Size of /home/ubuntu/askpopulo/media/profile/2015-06-21/profilepic614b037e926ac4881d62e3fb6d645a_CqSqrJn.jpg is (1024, 768) @ 2015-06-21 10:10:27.508351
Resizing /home/ubuntu/askpopulo/media/profile/2015-06-21/profilepic614b037e926ac4881d62e3fb6d645a_CqSqrJn.jpg @ 2015-06-21 10:10:27.508368
Size of /home/ubuntu/askpopulo/media/profile/2015-06-21/profilepic614b037e926ac4881d62e3fb6d645a_CqSqrJn.jpg is (128, 96) @ 2015-06-21 10:40:28.220104
Size of /home/ubuntu/askpopulo/media/profile/2015-06-21/profilepic614b037e926ac4881d62e3fb6d645a_CqSqrJn.jpg is (128, 96) @ 2015-06-21 11:10:28.921326
Size of /home/ubuntu/askpopulo/media/profile/2015-06-21/profilepic614b037e926ac4881d62e3fb6d645a_CqSqrJn.jpg is (128, 96) @ 2015-06-21 11:40:29.634823
Size of /home/ubuntu/askpopulo/media/profile/2015-06-21/profilepic614b037e926ac4881d62e3fb6d645a_CqSqrJn.jpg is (128, 96) @ 2015-06-21 12:10:30.351521
Size of /home/ubuntu/askpopulo/media/profile/2015-06-21/profilepic614b037e926ac4881d62e3fb6d645a_CqSqrJn.jpg is (128, 96) @ 2015-06-21 12:40:31.057326
Size of /home/ubuntu/askpopulo/media/profile/2015-06-21/profilepic614b037e926ac4881d62e3fb6d645a_CqSqrJn.jpg is (128, 96) @ 2015-06-21 13:10:31.774555
Size of /home/ubuntu/askpopulo/media/profile/2015-06-21/profilepic614b037e926ac4881d62e3fb6d645a_CqSqrJn.jpg is (128, 96) @ 2015-06-21 13:40:32.484819
Size of /home/ubuntu/askpopulo/media/profile/2015-06-21/profilepic614b037e926ac4881d62e3fb6d645a_CqSqrJn.jpg is (128, 96) @ 2015-06-21 14:10:33.184460
Size of /home/ubuntu/askpopulo/media/profile/2015-06-21/profilepic614b037e926ac4881d62e3fb6d645a_CqSqrJn.jpg is (128, 96) @ 2015-06-21 14:40:33.896536
Size of /home/ubuntu/askpopulo/media/profile/2015-06-21/profilepic614b037e926ac4881d62e3fb6d645a_CqSqrJn.jpg is (128, 96) @ 2015-06-21 15:10:34.636319
Size of /home/ubuntu/askpopulo/media/profile/2015-06-21/profilepic614b037e926ac4881d62e3fb6d645a_CqSqrJn.jpg is (128, 96) @ 2015-06-21 15:40:35.334726
Size of /home/ubuntu/askpopulo/media/profile/2015-06-21/profilepic614b037e926ac4881d62e3fb6d645a_CqSqrJn.jpg is (128, 96) @ 2015-06-21 16:10:36.154443
Size of /home/ubuntu/askpopulo/media/profile/2015-06-21/profilepic614b037e926ac4881d62e3fb6d645a_CqSqrJn.jpg is (128, 96) @ 2015-06-21 16:40:36.876088
Size of /home/ubuntu/askpopulo/media/profile/2015-06-21/profilepic614b037e926ac4881d62e3fb6d645a_CqSqrJn.jpg is (128, 96) @ 2015-06-21 17:10:37.726431
Size of /home/ubuntu/askpopulo/media/profile/2015-06-21/profilepic614b037e926ac4881d62e3fb6d645a_CqSqrJn.jpg is (128, 96) @ 2015-06-21 17:40:38.448067
Size of /home/ubuntu/askpopulo/media/profile/2015-06-21/profilepic614b037e926ac4881d62e3fb6d645a_CqSqrJn.jpg is (128, 96) @ 2015-06-21 18:10:39.148711
Size of /home/ubuntu/askpopulo/media/profile/2015-06-21/profilepic614b037e926ac4881d62e3fb6d645a_CqSqrJn.jpg is (128, 96) @ 2015-06-21 18:40:39.865491
Size of /home/ubuntu/askpopulo/media/profile/2015-06-21/profilepic614b037e926ac4881d62e3fb6d645a_CqSqrJn.jpg is (128, 96) @ 2015-06-21 19:10:40.580548
Size of /home/ubuntu/askpopulo/media/profile/2015-06-21/profilepic614b037e926ac4881d62e3fb6d645a_CqSqrJn.jpg is (128, 96) @ 2015-06-21 19:40:41.268187
Size of /home/ubuntu/askpopulo/media/profile/2015-06-21/profilepic614b037e926ac4881d62e3fb6d645a_CqSqrJn.jpg is (128, 96) @ 2015-06-21 20:10:41.964840
Size of /home/ubuntu/askpopulo/media/profile/2015-06-21/profilepic614b037e926ac4881d62e3fb6d645a_CqSqrJn.jpg is (128, 96) @ 2015-06-21 20:40:42.680526
Size of /home/ubuntu/askpopulo/media/profile/2015-06-21/profilepic614b037e926ac4881d62e3fb6d645a_CqSqrJn.jpg is (128, 96) @ 2015-06-21 21:10:43.380132
Size of /home/ubuntu/askpopulo/media/profile/2015-06-21/profilepic614b037e926ac4881d62e3fb6d645a_CqSqrJn.jpg is (128, 96) @ 2015-06-21 21:40:44.084368
Size of /home/ubuntu/askpopulo/media/profile/2015-06-21/profilepic614b037e926ac4881d62e3fb6d645a_CqSqrJn.jpg is (128, 96) @ 2015-06-21 22:10:44.804967
Size of /home/ubuntu/askpopulo/media/profile/2015-06-21/profilepic614b037e926ac4881d62e3fb6d645a_CqSqrJn.jpg is (128, 96) @ 2015-06-21 22:40:45.518082
Size of /home/ubuntu/askpopulo/media/profile/2015-06-21/profilepic614b037e926ac4881d62e3fb6d645a_CqSqrJn.jpg is (128, 96) @ 2015-06-21 23:10:46.218328
Size of /home/ubuntu/askpopulo/media/profile/2015-06-21/profilepic614b037e926ac4881d62e3fb6d645a_CqSqrJn.jpg is (128, 96) @ 2015-06-21 23:40:46.926176
Size of /home/ubuntu/askpopulo/media/choices/2015-06-30/choice56.jpg is (3264, 2448) @ 2015-06-30 08:35:42.199556
Resizing /home/ubuntu/askpopulo/media/choices/2015-06-30/choice56.jpg @ 2015-06-30 08:35:42.199573
Size of /home/ubuntu/askpopulo/media/choices/2015-06-30/choice56_PZJGBwq.jpg is (3264, 2448) @ 2015-06-30 08:35:42.231559
Resizing /home/ubuntu/askpopulo/media/choices/2015-06-30/choice56_PZJGBwq.jpg @ 2015-06-30 08:35:42.231580
Size of /home/ubuntu/askpopulo/media/choices/2015-06-30/choice57_Pso8uZJ.jpg is (3264, 2448) @ 2015-06-30 08:35:42.270818
Resizing /home/ubuntu/askpopulo/media/choices/2015-06-30/choice57_Pso8uZJ.jpg @ 2015-06-30 08:35:42.270834
Size of /home/ubuntu/askpopulo/media/choices/2015-06-30/choice57.jpg is (3264, 2448) @ 2015-06-30 08:35:42.311272
Resizing /home/ubuntu/askpopulo/media/choices/2015-06-30/choice57.jpg @ 2015-06-30 08:35:42.311289
Size of /home/ubuntu/askpopulo/media/choices/2015-06-30/choice56.jpg is (128, 96) @ 2015-06-30 09:06:03.023991
Size of /home/ubuntu/askpopulo/media/choices/2015-06-30/choice56_PZJGBwq.jpg is (128, 96) @ 2015-06-30 09:06:03.024189
Size of /home/ubuntu/askpopulo/media/choices/2015-06-30/choice57_Pso8uZJ.jpg is (128, 96) @ 2015-06-30 09:06:03.024329
Size of /home/ubuntu/askpopulo/media/choices/2015-06-30/choice57.jpg is (128, 96) @ 2015-06-30 09:06:03.024480
Size of /home/ubuntu/askpopulo/media/choices/2015-06-30/choice56.jpg is (128, 96) @ 2015-06-30 09:36:23.693568
Size of /home/ubuntu/askpopulo/media/choices/2015-06-30/choice56_PZJGBwq.jpg is (128, 96) @ 2015-06-30 09:36:23.693805
Size of /home/ubuntu/askpopulo/media/choices/2015-06-30/choice57_Pso8uZJ.jpg is (128, 96) @ 2015-06-30 09:36:23.693951
Size of /home/ubuntu/askpopulo/media/choices/2015-06-30/choice57.jpg is (128, 96) @ 2015-06-30 09:36:23.694087
Size of /home/ubuntu/askpopulo/media/choices/2015-06-30/choice56.jpg is (128, 96) @ 2015-06-30 10:06:44.354555
Size of /home/ubuntu/askpopulo/media/choices/2015-06-30/choice56_PZJGBwq.jpg is (128, 96) @ 2015-06-30 10:06:44.354713
Size of /home/ubuntu/askpopulo/media/choices/2015-06-30/choice57_Pso8uZJ.jpg is (128, 96) @ 2015-06-30 10:06:44.354864
Size of /home/ubuntu/askpopulo/media/choices/2015-06-30/choice57.jpg is (128, 96) @ 2015-06-30 10:06:44.354998
Size of /home/ubuntu/askpopulo/media/choices/2015-06-30/choice56.jpg is (128, 96) @ 2015-06-30 10:37:05.027122
Size of /home/ubuntu/askpopulo/media/choices/2015-06-30/choice56_PZJGBwq.jpg is (128, 96) @ 2015-06-30 10:37:05.027286
Size of /home/ubuntu/askpopulo/media/choices/2015-06-30/choice57_Pso8uZJ.jpg is (128, 96) @ 2015-06-30 10:37:05.027444
Size of /home/ubuntu/askpopulo/media/choices/2015-06-30/choice57.jpg is (128, 96) @ 2015-06-30 10:37:05.027579
Size of /home/ubuntu/askpopulo/media/choices/2015-06-30/choice56.jpg is (128, 96) @ 2015-06-30 11:07:05.813185
Size of /home/ubuntu/askpopulo/media/choices/2015-06-30/choice56_PZJGBwq.jpg is (128, 96) @ 2015-06-30 11:07:05.813376
Size of /home/ubuntu/askpopulo/media/choices/2015-06-30/choice57_Pso8uZJ.jpg is (128, 96) @ 2015-06-30 11:07:05.813532
Size of /home/ubuntu/askpopulo/media/choices/2015-06-30/choice57.jpg is (128, 96) @ 2015-06-30 11:07:05.813735
Size of /home/ubuntu/askpopulo/media/choices/2015-06-30/choice56.jpg is (128, 96) @ 2015-06-30 11:37:26.488863
Size of /home/ubuntu/askpopulo/media/choices/2015-06-30/choice56_PZJGBwq.jpg is (128, 96) @ 2015-06-30 11:37:26.489067
Size of /home/ubuntu/askpopulo/media/choices/2015-06-30/choice57_Pso8uZJ.jpg is (128, 96) @ 2015-06-30 11:37:26.489217
Size of /home/ubuntu/askpopulo/media/choices/2015-06-30/choice57.jpg is (128, 96) @ 2015-06-30 11:37:26.489346
Size of /home/ubuntu/askpopulo/media/choices/2015-06-30/choice56.jpg is (128, 96) @ 2015-06-30 12:07:47.140776
Size of /home/ubuntu/askpopulo/media/choices/2015-06-30/choice56_PZJGBwq.jpg is (128, 96) @ 2015-06-30 12:07:47.140936
Size of /home/ubuntu/askpopulo/media/choices/2015-06-30/choice57_Pso8uZJ.jpg is (128, 96) @ 2015-06-30 12:07:47.141072
Size of /home/ubuntu/askpopulo/media/choices/2015-06-30/choice57.jpg is (128, 96) @ 2015-06-30 12:07:47.141208
Size of /home/ubuntu/askpopulo/media/choices/2015-06-30/choice56.jpg is (128, 96) @ 2015-06-30 12:38:07.791676
Size of /home/ubuntu/askpopulo/media/choices/2015-06-30/choice56_PZJGBwq.jpg is (128, 96) @ 2015-06-30 12:38:07.791820
Size of /home/ubuntu/askpopulo/media/choices/2015-06-30/choice57_Pso8uZJ.jpg is (128, 96) @ 2015-06-30 12:38:07.791946
Size of /home/ubuntu/askpopulo/media/choices/2015-06-30/choice57.jpg is (128, 96) @ 2015-06-30 12:38:07.792069
Size of /home/ubuntu/askpopulo/media/choices/2015-06-30/choice56.jpg is (128, 96) @ 2015-06-30 13:08:28.471056
Size of /home/ubuntu/askpopulo/media/choices/2015-06-30/choice56_PZJGBwq.jpg is (128, 96) @ 2015-06-30 13:08:28.471202
Size of /home/ubuntu/askpopulo/media/choices/2015-06-30/choice57_Pso8uZJ.jpg is (128, 96) @ 2015-06-30 13:08:28.471331
Size of /home/ubuntu/askpopulo/media/choices/2015-06-30/choice57.jpg is (128, 96) @ 2015-06-30 13:08:28.471472
Size of /home/ubuntu/askpopulo/media/choices/2015-06-30/choice56.jpg is (128, 96) @ 2015-06-30 13:38:49.138759
Size of /home/ubuntu/askpopulo/media/choices/2015-06-30/choice56_PZJGBwq.jpg is (128, 96) @ 2015-06-30 13:38:49.138918
Size of /home/ubuntu/askpopulo/media/choices/2015-06-30/choice57_Pso8uZJ.jpg is (128, 96) @ 2015-06-30 13:38:49.139066
Size of /home/ubuntu/askpopulo/media/choices/2015-06-30/choice57.jpg is (128, 96) @ 2015-06-30 13:38:49.139191
Size of /home/ubuntu/askpopulo/media/choices/2015-06-30/choice58.jpeg is (387, 360) @ 2015-06-30 14:09:09.892789
Resizing /home/ubuntu/askpopulo/media/choices/2015-06-30/choice58.jpeg @ 2015-06-30 14:09:09.892805
Size of /home/ubuntu/askpopulo/media/choices/2015-06-30/choice56.jpg is (128, 96) @ 2015-06-30 14:09:09.896133
Size of /home/ubuntu/askpopulo/media/choices/2015-06-30/choice56_PZJGBwq.jpg is (128, 96) @ 2015-06-30 14:09:09.896305
Size of /home/ubuntu/askpopulo/media/choices/2015-06-30/choice57_Pso8uZJ.jpg is (128, 96) @ 2015-06-30 14:09:09.896458
Size of /home/ubuntu/askpopulo/media/choices/2015-06-30/choice58.jpg is (420, 355) @ 2015-06-30 14:09:09.896606
Resizing /home/ubuntu/askpopulo/media/choices/2015-06-30/choice58.jpg @ 2015-06-30 14:09:09.896617
Size of /home/ubuntu/askpopulo/media/choices/2015-06-30/choice57.jpg is (128, 96) @ 2015-06-30 14:09:09.900369
Size of /home/ubuntu/askpopulo/media/choices/2015-06-30/choice58_0BDjinl.jpg is (428, 504) @ 2015-06-30 14:09:09.900526
Resizing /home/ubuntu/askpopulo/media/choices/2015-06-30/choice58_0BDjinl.jpg @ 2015-06-30 14:09:09.900541
Size of /home/ubuntu/askpopulo/media/choices/2015-06-30/choice58_q9nRWJd.jpg is (378, 378) @ 2015-06-30 14:09:09.905974
Resizing /home/ubuntu/askpopulo/media/choices/2015-06-30/choice58_q9nRWJd.jpg @ 2015-06-30 14:09:09.906002
Size of /home/ubuntu/askpopulo/media/choices/2015-06-30/choice58.jpeg is (128, 119) @ 2015-06-30 14:39:30.569942
Size of /home/ubuntu/askpopulo/media/choices/2015-06-30/choice56.jpg is (128, 96) @ 2015-06-30 14:39:30.570109
Size of /home/ubuntu/askpopulo/media/choices/2015-06-30/choice56_PZJGBwq.jpg is (128, 96) @ 2015-06-30 14:39:30.570254
Size of /home/ubuntu/askpopulo/media/choices/2015-06-30/choice57_Pso8uZJ.jpg is (128, 96) @ 2015-06-30 14:39:30.570399
Size of /home/ubuntu/askpopulo/media/choices/2015-06-30/choice58.jpg is (128, 108) @ 2015-06-30 14:39:30.570534
Size of /home/ubuntu/askpopulo/media/choices/2015-06-30/choice57.jpg is (128, 96) @ 2015-06-30 14:39:30.570667
Size of /home/ubuntu/askpopulo/media/choices/2015-06-30/choice58_0BDjinl.jpg is (109, 128) @ 2015-06-30 14:39:30.570797
Size of /home/ubuntu/askpopulo/media/choices/2015-06-30/choice58_q9nRWJd.jpg is (128, 128) @ 2015-06-30 14:39:30.570927
Size of /home/ubuntu/askpopulo/media/choices/2015-06-30/choice58.jpeg is (128, 119) @ 2015-06-30 15:09:51.238247
Size of /home/ubuntu/askpopulo/media/choices/2015-06-30/choice56.jpg is (128, 96) @ 2015-06-30 15:09:51.238394
Size of /home/ubuntu/askpopulo/media/choices/2015-06-30/choice56_PZJGBwq.jpg is (128, 96) @ 2015-06-30 15:09:51.238523
Size of /home/ubuntu/askpopulo/media/choices/2015-06-30/choice57_Pso8uZJ.jpg is (128, 96) @ 2015-06-30 15:09:51.238646
Size of /home/ubuntu/askpopulo/media/choices/2015-06-30/choice58.jpg is (128, 108) @ 2015-06-30 15:09:51.238768
Size of /home/ubuntu/askpopulo/media/choices/2015-06-30/choice57.jpg is (128, 96) @ 2015-06-30 15:09:51.238886
Size of /home/ubuntu/askpopulo/media/choices/2015-06-30/choice58_0BDjinl.jpg is (109, 128) @ 2015-06-30 15:09:51.239005
Size of /home/ubuntu/askpopulo/media/choices/2015-06-30/choice58_q9nRWJd.jpg is (128, 128) @ 2015-06-30 15:09:51.239121
Size of /home/ubuntu/askpopulo/media/choices/2015-06-30/choice58.jpeg is (128, 119) @ 2015-06-30 15:40:11.903610
Size of /home/ubuntu/askpopulo/media/choices/2015-06-30/choice56.jpg is (128, 96) @ 2015-06-30 15:40:11.903797
Size of /home/ubuntu/askpopulo/media/choices/2015-06-30/choice56_PZJGBwq.jpg is (128, 96) @ 2015-06-30 15:40:11.903949
Size of /home/ubuntu/askpopulo/media/choices/2015-06-30/choice57_Pso8uZJ.jpg is (128, 96) @ 2015-06-30 15:40:11.904103
Size of /home/ubuntu/askpopulo/media/choices/2015-06-30/choice58.jpg is (128, 108) @ 2015-06-30 15:40:11.904245
Size of /home/ubuntu/askpopulo/media/choices/2015-06-30/choice57.jpg is (128, 96) @ 2015-06-30 15:40:11.904372
Size of /home/ubuntu/askpopulo/media/choices/2015-06-30/choice58_0BDjinl.jpg is (109, 128) @ 2015-06-30 15:40:11.904499
Size of /home/ubuntu/askpopulo/media/choices/2015-06-30/choice58_q9nRWJd.jpg is (128, 128) @ 2015-06-30 15:40:11.904642
Size of /home/ubuntu/askpopulo/media/choices/2015-06-30/choice58.jpeg is (128, 119) @ 2015-06-30 16:10:32.570296
Size of /home/ubuntu/askpopulo/media/choices/2015-06-30/choice56.jpg is (128, 96) @ 2015-06-30 16:10:32.570455
Size of /home/ubuntu/askpopulo/media/choices/2015-06-30/choice56_PZJGBwq.jpg is (128, 96) @ 2015-06-30 16:10:32.570619
Size of /home/ubuntu/askpopulo/media/choices/2015-06-30/choice57_Pso8uZJ.jpg is (128, 96) @ 2015-06-30 16:10:32.570766
Size of /home/ubuntu/askpopulo/media/choices/2015-06-30/choice58.jpg is (128, 108) @ 2015-06-30 16:10:32.570907
Size of /home/ubuntu/askpopulo/media/choices/2015-06-30/choice57.jpg is (128, 96) @ 2015-06-30 16:10:32.571047
Size of /home/ubuntu/askpopulo/media/choices/2015-06-30/choice58_0BDjinl.jpg is (109, 128) @ 2015-06-30 16:10:32.571200
Size of /home/ubuntu/askpopulo/media/choices/2015-06-30/choice58_q9nRWJd.jpg is (128, 128) @ 2015-06-30 16:10:32.571341
Size of /home/ubuntu/askpopulo/media/profile/2015-06-30/profilepica837fbfdf5e795329cfdbdcd49287e_Ol9wFFw.jpg is (960, 370) @ 2015-06-30 16:10:32.571536
Resizing /home/ubuntu/askpopulo/media/profile/2015-06-30/profilepica837fbfdf5e795329cfdbdcd49287e_Ol9wFFw.jpg @ 2015-06-30 16:10:32.571547
Size of /home/ubuntu/askpopulo/media/choices/2015-06-30/choice58.jpeg is (128, 119) @ 2015-06-30 16:40:53.240492
Size of /home/ubuntu/askpopulo/media/choices/2015-06-30/choice56.jpg is (128, 96) @ 2015-06-30 16:40:53.240673
Size of /home/ubuntu/askpopulo/media/choices/2015-06-30/choice56_PZJGBwq.jpg is (128, 96) @ 2015-06-30 16:40:53.240809
Size of /home/ubuntu/askpopulo/media/choices/2015-06-30/choice57_Pso8uZJ.jpg is (128, 96) @ 2015-06-30 16:40:53.240953
Size of /home/ubuntu/askpopulo/media/choices/2015-06-30/choice58.jpg is (128, 108) @ 2015-06-30 16:40:53.241094
Size of /home/ubuntu/askpopulo/media/choices/2015-06-30/choice57.jpg is (128, 96) @ 2015-06-30 16:40:53.241233
Size of /home/ubuntu/askpopulo/media/choices/2015-06-30/choice58_0BDjinl.jpg is (109, 128) @ 2015-06-30 16:40:53.241361
Size of /home/ubuntu/askpopulo/media/choices/2015-06-30/choice58_q9nRWJd.jpg is (128, 128) @ 2015-06-30 16:40:53.241492
Size of /home/ubuntu/askpopulo/media/profile/2015-06-30/profilepica837fbfdf5e795329cfdbdcd49287e_Ol9wFFw.jpg is (128, 49) @ 2015-06-30 16:40:53.241701
Size of /home/ubuntu/askpopulo/media/choices/2015-06-30/choice58.jpeg is (128, 119) @ 2015-06-30 17:11:13.906330
Size of /home/ubuntu/askpopulo/media/choices/2015-06-30/choice56.jpg is (128, 96) @ 2015-06-30 17:11:13.906481
Size of /home/ubuntu/askpopulo/media/choices/2015-06-30/choice56_PZJGBwq.jpg is (128, 96) @ 2015-06-30 17:11:13.906610
Size of /home/ubuntu/askpopulo/media/choices/2015-06-30/choice57_Pso8uZJ.jpg is (128, 96) @ 2015-06-30 17:11:13.906736
Size of /home/ubuntu/askpopulo/media/choices/2015-06-30/choice58.jpg is (128, 108) @ 2015-06-30 17:11:13.906858
Size of /home/ubuntu/askpopulo/media/choices/2015-06-30/choice57.jpg is (128, 96) @ 2015-06-30 17:11:13.906980
Size of /home/ubuntu/askpopulo/media/choices/2015-06-30/choice58_0BDjinl.jpg is (109, 128) @ 2015-06-30 17:11:13.907101
Size of /home/ubuntu/askpopulo/media/choices/2015-06-30/choice58_q9nRWJd.jpg is (128, 128) @ 2015-06-30 17:11:13.907236
Size of /home/ubuntu/askpopulo/media/profile/2015-06-30/profilepica837fbfdf5e795329cfdbdcd49287e_Ol9wFFw.jpg is (128, 49) @ 2015-06-30 17:11:13.907406
Size of /home/ubuntu/askpopulo/media/choices/2015-06-30/choice58.jpeg is (128, 119) @ 2015-06-30 17:41:34.574873
Size of /home/ubuntu/askpopulo/media/choices/2015-06-30/choice56.jpg is (128, 96) @ 2015-06-30 17:41:34.575031
Size of /home/ubuntu/askpopulo/media/choices/2015-06-30/choice56_PZJGBwq.jpg is (128, 96) @ 2015-06-30 17:41:34.575182
Size of /home/ubuntu/askpopulo/media/choices/2015-06-30/choice57_Pso8uZJ.jpg is (128, 96) @ 2015-06-30 17:41:34.575329
Size of /home/ubuntu/askpopulo/media/choices/2015-06-30/choice58.jpg is (128, 108) @ 2015-06-30 17:41:34.575465
Size of /home/ubuntu/askpopulo/media/choices/2015-06-30/choice57.jpg is (128, 96) @ 2015-06-30 17:41:34.575632
Size of /home/ubuntu/askpopulo/media/choices/2015-06-30/choice58_0BDjinl.jpg is (109, 128) @ 2015-06-30 17:41:34.575776
Size of /home/ubuntu/askpopulo/media/choices/2015-06-30/choice58_q9nRWJd.jpg is (128, 128) @ 2015-06-30 17:41:34.575900
Size of /home/ubuntu/askpopulo/media/profile/2015-06-30/profilepica837fbfdf5e795329cfdbdcd49287e_Ol9wFFw.jpg is (128, 49) @ 2015-06-30 17:41:34.576052
Size of /home/ubuntu/askpopulo/media/choices/2015-06-30/choice58.jpeg is (128, 119) @ 2015-06-30 18:11:55.236979
Size of /home/ubuntu/askpopulo/media/choices/2015-06-30/choice56.jpg is (128, 96) @ 2015-06-30 18:11:55.237148
Size of /home/ubuntu/askpopulo/media/choices/2015-06-30/choice56_PZJGBwq.jpg is (128, 96) @ 2015-06-30 18:11:55.237293
Size of /home/ubuntu/askpopulo/media/choices/2015-06-30/choice57_Pso8uZJ.jpg is (128, 96) @ 2015-06-30 18:11:55.237433
Size of /home/ubuntu/askpopulo/media/choices/2015-06-30/choice58.jpg is (128, 108) @ 2015-06-30 18:11:55.237570
Size of /home/ubuntu/askpopulo/media/choices/2015-06-30/choice57.jpg is (128, 96) @ 2015-06-30 18:11:55.237754
Size of /home/ubuntu/askpopulo/media/choices/2015-06-30/choice58_0BDjinl.jpg is (109, 128) @ 2015-06-30 18:11:55.237892
Size of /home/ubuntu/askpopulo/media/choices/2015-06-30/choice58_q9nRWJd.jpg is (128, 128) @ 2015-06-30 18:11:55.238026
Size of /home/ubuntu/askpopulo/media/profile/2015-06-30/profilepica837fbfdf5e795329cfdbdcd49287e_Ol9wFFw.jpg is (128, 49) @ 2015-06-30 18:11:55.238218
Size of /home/ubuntu/askpopulo/media/choices/2015-06-30/choice58.jpeg is (128, 119) @ 2015-06-30 18:42:15.903699
Size of /home/ubuntu/askpopulo/media/choices/2015-06-30/choice56.jpg is (128, 96) @ 2015-06-30 18:42:15.903874
Size of /home/ubuntu/askpopulo/media/choices/2015-06-30/choice56_PZJGBwq.jpg is (128, 96) @ 2015-06-30 18:42:15.904017
Size of /home/ubuntu/askpopulo/media/choices/2015-06-30/choice57_Pso8uZJ.jpg is (128, 96) @ 2015-06-30 18:42:15.904161
Size of /home/ubuntu/askpopulo/media/choices/2015-06-30/choice58.jpg is (128, 108) @ 2015-06-30 18:42:15.904307
Size of /home/ubuntu/askpopulo/media/choices/2015-06-30/choice57.jpg is (128, 96) @ 2015-06-30 18:42:15.904435
Size of /home/ubuntu/askpopulo/media/choices/2015-06-30/choice58_0BDjinl.jpg is (109, 128) @ 2015-06-30 18:42:15.904563
Size of /home/ubuntu/askpopulo/media/choices/2015-06-30/choice58_q9nRWJd.jpg is (128, 128) @ 2015-06-30 18:42:15.904688
Size of /home/ubuntu/askpopulo/media/profile/2015-06-30/profilepica837fbfdf5e795329cfdbdcd49287e_Ol9wFFw.jpg is (128, 49) @ 2015-06-30 18:42:15.904862
Size of /home/ubuntu/askpopulo/media/choices/2015-06-30/choice58.jpeg is (128, 119) @ 2015-06-30 19:12:16.706426
Size of /home/ubuntu/askpopulo/media/choices/2015-06-30/choice56.jpg is (128, 96) @ 2015-06-30 19:12:16.706587
Size of /home/ubuntu/askpopulo/media/choices/2015-06-30/choice56_PZJGBwq.jpg is (128, 96) @ 2015-06-30 19:12:16.706729
Size of /home/ubuntu/askpopulo/media/choices/2015-06-30/choice57_Pso8uZJ.jpg is (128, 96) @ 2015-06-30 19:12:16.706871
Size of /home/ubuntu/askpopulo/media/choices/2015-06-30/choice58.jpg is (128, 108) @ 2015-06-30 19:12:16.707013
Size of /home/ubuntu/askpopulo/media/choices/2015-06-30/choice57.jpg is (128, 96) @ 2015-06-30 19:12:16.707140
Size of /home/ubuntu/askpopulo/media/choices/2015-06-30/choice58_0BDjinl.jpg is (109, 128) @ 2015-06-30 19:12:16.707291
Size of /home/ubuntu/askpopulo/media/choices/2015-06-30/choice58_q9nRWJd.jpg is (128, 128) @ 2015-06-30 19:12:16.707410
Size of /home/ubuntu/askpopulo/media/profile/2015-06-30/profilepica837fbfdf5e795329cfdbdcd49287e_Ol9wFFw.jpg is (128, 49) @ 2015-06-30 19:12:16.707585
Size of /home/ubuntu/askpopulo/media/choices/2015-06-30/choice58.jpeg is (128, 119) @ 2015-06-30 19:42:17.473694
Size of /home/ubuntu/askpopulo/media/choices/2015-06-30/choice56.jpg is (128, 96) @ 2015-06-30 19:42:17.473887
Size of /home/ubuntu/askpopulo/media/choices/2015-06-30/choice56_PZJGBwq.jpg is (128, 96) @ 2015-06-30 19:42:17.474036
Size of /home/ubuntu/askpopulo/media/choices/2015-06-30/choice57_Pso8uZJ.jpg is (128, 96) @ 2015-06-30 19:42:17.474178
Size of /home/ubuntu/askpopulo/media/choices/2015-06-30/choice58.jpg is (128, 108) @ 2015-06-30 19:42:17.474317
Size of /home/ubuntu/askpopulo/media/choices/2015-06-30/choice57.jpg is (128, 96) @ 2015-06-30 19:42:17.474453
Size of /home/ubuntu/askpopulo/media/choices/2015-06-30/choice58_0BDjinl.jpg is (109, 128) @ 2015-06-30 19:42:17.474587
Size of /home/ubuntu/askpopulo/media/choices/2015-06-30/choice58_q9nRWJd.jpg is (128, 128) @ 2015-06-30 19:42:17.474718
Size of /home/ubuntu/askpopulo/media/profile/2015-06-30/profilepica837fbfdf5e795329cfdbdcd49287e_Ol9wFFw.jpg is (128, 49) @ 2015-06-30 19:42:17.474893
Size of /home/ubuntu/askpopulo/media/choices/2015-06-30/choice58.jpeg is (128, 119) @ 2015-06-30 20:12:18.142184
Size of /home/ubuntu/askpopulo/media/choices/2015-06-30/choice56.jpg is (128, 96) @ 2015-06-30 20:12:18.142334
Size of /home/ubuntu/askpopulo/media/choices/2015-06-30/choice56_PZJGBwq.jpg is (128, 96) @ 2015-06-30 20:12:18.142478
Size of /home/ubuntu/askpopulo/media/choices/2015-06-30/choice57_Pso8uZJ.jpg is (128, 96) @ 2015-06-30 20:12:18.142623
Size of /home/ubuntu/askpopulo/media/choices/2015-06-30/choice58.jpg is (128, 108) @ 2015-06-30 20:12:18.142767
Size of /home/ubuntu/askpopulo/media/choices/2015-06-30/choice57.jpg is (128, 96) @ 2015-06-30 20:12:18.142910
Size of /home/ubuntu/askpopulo/media/choices/2015-06-30/choice58_0BDjinl.jpg is (109, 128) @ 2015-06-30 20:12:18.143046
Size of /home/ubuntu/askpopulo/media/choices/2015-06-30/choice58_q9nRWJd.jpg is (128, 128) @ 2015-06-30 20:12:18.143162
Size of /home/ubuntu/askpopulo/media/profile/2015-06-30/profilepica837fbfdf5e795329cfdbdcd49287e_Ol9wFFw.jpg is (128, 49) @ 2015-06-30 20:12:18.143306
Size of /home/ubuntu/askpopulo/media/choices/2015-06-30/choice58.jpeg is (128, 119) @ 2015-06-30 20:42:18.775172
Size of /home/ubuntu/askpopulo/media/choices/2015-06-30/choice56.jpg is (128, 96) @ 2015-06-30 20:42:18.775344
Size of /home/ubuntu/askpopulo/media/choices/2015-06-30/choice56_PZJGBwq.jpg is (128, 96) @ 2015-06-30 20:42:18.775476
Size of /home/ubuntu/askpopulo/media/choices/2015-06-30/choice57_Pso8uZJ.jpg is (128, 96) @ 2015-06-30 20:42:18.775606
Size of /home/ubuntu/askpopulo/media/choices/2015-06-30/choice58.jpg is (128, 108) @ 2015-06-30 20:42:18.775729
Size of /home/ubuntu/askpopulo/media/choices/2015-06-30/choice57.jpg is (128, 96) @ 2015-06-30 20:42:18.775849
Size of /home/ubuntu/askpopulo/media/choices/2015-06-30/choice58_0BDjinl.jpg is (109, 128) @ 2015-06-30 20:42:18.775969
Size of /home/ubuntu/askpopulo/media/choices/2015-06-30/choice58_q9nRWJd.jpg is (128, 128) @ 2015-06-30 20:42:18.776088
Size of /home/ubuntu/askpopulo/media/profile/2015-06-30/profilepica837fbfdf5e795329cfdbdcd49287e_Ol9wFFw.jpg is (128, 49) @ 2015-06-30 20:42:18.776235
Size of /home/ubuntu/askpopulo/media/choices/2015-06-30/choice58.jpeg is (128, 119) @ 2015-06-30 21:12:19.424036
Size of /home/ubuntu/askpopulo/media/choices/2015-06-30/choice56.jpg is (128, 96) @ 2015-06-30 21:12:19.424217
Size of /home/ubuntu/askpopulo/media/choices/2015-06-30/choice56_PZJGBwq.jpg is (128, 96) @ 2015-06-30 21:12:19.424356
Size of /home/ubuntu/askpopulo/media/choices/2015-06-30/choice57_Pso8uZJ.jpg is (128, 96) @ 2015-06-30 21:12:19.424502
Size of /home/ubuntu/askpopulo/media/choices/2015-06-30/choice58.jpg is (128, 108) @ 2015-06-30 21:12:19.424629
Size of /home/ubuntu/askpopulo/media/choices/2015-06-30/choice57.jpg is (128, 96) @ 2015-06-30 21:12:19.424776
Size of /home/ubuntu/askpopulo/media/choices/2015-06-30/choice58_0BDjinl.jpg is (109, 128) @ 2015-06-30 21:12:19.424914
Size of /home/ubuntu/askpopulo/media/choices/2015-06-30/choice58_q9nRWJd.jpg is (128, 128) @ 2015-06-30 21:12:19.425049
Size of /home/ubuntu/askpopulo/media/profile/2015-06-30/profilepica837fbfdf5e795329cfdbdcd49287e_Ol9wFFw.jpg is (128, 49) @ 2015-06-30 21:12:19.425225
Size of /home/ubuntu/askpopulo/media/choices/2015-06-30/choice58.jpeg is (128, 119) @ 2015-06-30 21:42:20.046740
Size of /home/ubuntu/askpopulo/media/choices/2015-06-30/choice56.jpg is (128, 96) @ 2015-06-30 21:42:20.046917
Size of /home/ubuntu/askpopulo/media/choices/2015-06-30/choice56_PZJGBwq.jpg is (128, 96) @ 2015-06-30 21:42:20.047050
Size of /home/ubuntu/askpopulo/media/choices/2015-06-30/choice57_Pso8uZJ.jpg is (128, 96) @ 2015-06-30 21:42:20.047208
Size of /home/ubuntu/askpopulo/media/choices/2015-06-30/choice58.jpg is (128, 108) @ 2015-06-30 21:42:20.047334
Size of /home/ubuntu/askpopulo/media/choices/2015-06-30/choice57.jpg is (128, 96) @ 2015-06-30 21:42:20.047470
Size of /home/ubuntu/askpopulo/media/choices/2015-06-30/choice58_0BDjinl.jpg is (109, 128) @ 2015-06-30 21:42:20.047589
Size of /home/ubuntu/askpopulo/media/choices/2015-06-30/choice58_q9nRWJd.jpg is (128, 128) @ 2015-06-30 21:42:20.047722
Size of /home/ubuntu/askpopulo/media/profile/2015-06-30/profilepica837fbfdf5e795329cfdbdcd49287e_Ol9wFFw.jpg is (128, 49) @ 2015-06-30 21:42:20.047890
Size of /home/ubuntu/askpopulo/media/choices/2015-06-30/choice58.jpeg is (128, 119) @ 2015-06-30 22:12:20.674478
Size of /home/ubuntu/askpopulo/media/choices/2015-06-30/choice56.jpg is (128, 96) @ 2015-06-30 22:12:20.674640
Size of /home/ubuntu/askpopulo/media/choices/2015-06-30/choice56_PZJGBwq.jpg is (128, 96) @ 2015-06-30 22:12:20.674805
Size of /home/ubuntu/askpopulo/media/choices/2015-06-30/choice57_Pso8uZJ.jpg is (128, 96) @ 2015-06-30 22:12:20.674956
Size of /home/ubuntu/askpopulo/media/choices/2015-06-30/choice58.jpg is (128, 108) @ 2015-06-30 22:12:20.675106
Size of /home/ubuntu/askpopulo/media/choices/2015-06-30/choice57.jpg is (128, 96) @ 2015-06-30 22:12:20.675253
Size of /home/ubuntu/askpopulo/media/choices/2015-06-30/choice58_0BDjinl.jpg is (109, 128) @ 2015-06-30 22:12:20.675483
Size of /home/ubuntu/askpopulo/media/choices/2015-06-30/choice58_q9nRWJd.jpg is (128, 128) @ 2015-06-30 22:12:20.675638
Size of /home/ubuntu/askpopulo/media/profile/2015-06-30/profilepica837fbfdf5e795329cfdbdcd49287e_Ol9wFFw.jpg is (128, 49) @ 2015-06-30 22:12:20.675812
Size of /home/ubuntu/askpopulo/media/choices/2015-06-30/choice58.jpeg is (128, 119) @ 2015-06-30 22:42:21.311902
Size of /home/ubuntu/askpopulo/media/choices/2015-06-30/choice56.jpg is (128, 96) @ 2015-06-30 22:42:21.312143
Size of /home/ubuntu/askpopulo/media/choices/2015-06-30/choice56_PZJGBwq.jpg is (128, 96) @ 2015-06-30 22:42:21.312301
Size of /home/ubuntu/askpopulo/media/choices/2015-06-30/choice57_Pso8uZJ.jpg is (128, 96) @ 2015-06-30 22:42:21.312435
Size of /home/ubuntu/askpopulo/media/choices/2015-06-30/choice58.jpg is (128, 108) @ 2015-06-30 22:42:21.312572
Size of /home/ubuntu/askpopulo/media/choices/2015-06-30/choice57.jpg is (128, 96) @ 2015-06-30 22:42:21.312702
Size of /home/ubuntu/askpopulo/media/choices/2015-06-30/choice58_0BDjinl.jpg is (109, 128) @ 2015-06-30 22:42:21.312858
Size of /home/ubuntu/askpopulo/media/choices/2015-06-30/choice58_q9nRWJd.jpg is (128, 128) @ 2015-06-30 22:42:21.312990
Size of /home/ubuntu/askpopulo/media/profile/2015-06-30/profilepica837fbfdf5e795329cfdbdcd49287e_Ol9wFFw.jpg is (128, 49) @ 2015-06-30 22:42:21.313164
Size of /home/ubuntu/askpopulo/media/choices/2015-06-30/choice58.jpeg is (128, 119) @ 2015-06-30 23:12:21.939459
Size of /home/ubuntu/askpopulo/media/choices/2015-06-30/choice56.jpg is (128, 96) @ 2015-06-30 23:12:21.939613
Size of /home/ubuntu/askpopulo/media/choices/2015-06-30/choice56_PZJGBwq.jpg is (128, 96) @ 2015-06-30 23:12:21.939747
Size of /home/ubuntu/askpopulo/media/choices/2015-06-30/choice57_Pso8uZJ.jpg is (128, 96) @ 2015-06-30 23:12:21.939887
Size of /home/ubuntu/askpopulo/media/choices/2015-06-30/choice58.jpg is (128, 108) @ 2015-06-30 23:12:21.940030
Size of /home/ubuntu/askpopulo/media/choices/2015-06-30/choice57.jpg is (128, 96) @ 2015-06-30 23:12:21.940156
Size of /home/ubuntu/askpopulo/media/choices/2015-06-30/choice58_0BDjinl.jpg is (109, 128) @ 2015-06-30 23:12:21.940292
Size of /home/ubuntu/askpopulo/media/choices/2015-06-30/choice58_q9nRWJd.jpg is (128, 128) @ 2015-06-30 23:12:21.940436
Size of /home/ubuntu/askpopulo/media/profile/2015-06-30/profilepica837fbfdf5e795329cfdbdcd49287e_Ol9wFFw.jpg is (128, 49) @ 2015-06-30 23:12:21.940626
Size of /home/ubuntu/askpopulo/media/choices/2015-06-30/choice58.jpeg is (128, 119) @ 2015-06-30 23:42:22.562999
Size of /home/ubuntu/askpopulo/media/choices/2015-06-30/choice56.jpg is (128, 96) @ 2015-06-30 23:42:22.563146
Size of /home/ubuntu/askpopulo/media/choices/2015-06-30/choice56_PZJGBwq.jpg is (128, 96) @ 2015-06-30 23:42:22.563291
Size of /home/ubuntu/askpopulo/media/choices/2015-06-30/choice57_Pso8uZJ.jpg is (128, 96) @ 2015-06-30 23:42:22.563418
Size of /home/ubuntu/askpopulo/media/choices/2015-06-30/choice58.jpg is (128, 108) @ 2015-06-30 23:42:22.563538
Size of /home/ubuntu/askpopulo/media/choices/2015-06-30/choice57.jpg is (128, 96) @ 2015-06-30 23:42:22.563656
Size of /home/ubuntu/askpopulo/media/choices/2015-06-30/choice58_0BDjinl.jpg is (109, 128) @ 2015-06-30 23:42:22.563774
Size of /home/ubuntu/askpopulo/media/choices/2015-06-30/choice58_q9nRWJd.jpg is (128, 128) @ 2015-06-30 23:42:22.563890
Size of /home/ubuntu/askpopulo/media/profile/2015-06-30/profilepica837fbfdf5e795329cfdbdcd49287e_Ol9wFFw.jpg is (128, 49) @ 2015-06-30 23:42:22.564048